2018-07-12 09:54:35 INFO     Data was inserted!
2018-07-12 09:54:35 INFO      INSERT INTO metrics(Dates, total_time, label_description)
						VALUES(2018-07-12, 60, CS Weekly Team Call)
2018-07-12 09:54:35 INFO     Data was written to csv!
2018-07-12 09:55:04 INFO     Data was removed!
2018-07-12 09:55:04 INFO      DELETE from metrics WHERE id = 33
2018-07-12 10:17:34 INFO     Data was written to csv!
2018-07-12 10:17:42 INFO     Data was removed!
2018-07-12 10:17:42 INFO      DELETE from metrics WHERE id = 32
2018-07-12 10:17:49 INFO     Data was inserted!
2018-07-12 10:17:49 INFO      INSERT INTO metrics(Dates, total_time, label_description)
						VALUES(2018-07-12, 45, CS Weekly Team Call)
2018-07-12 10:17:49 INFO     Data was written to csv!
2018-07-12 10:17:52 INFO     Data was written to csv!
2018-07-12 10:17:52 INFO     Data was backed up!
2018-07-12 10:17:52 INFO     Files were backedup!
2018-07-12 10:41:08 INFO     Data was inserted!
2018-07-12 10:41:08 INFO      INSERT INTO metrics(Dates, total_time, label_description)
						VALUES(2018-07-12, 15, Team Time - PP)
2018-07-12 10:41:09 INFO     Data was written to csv!
2018-07-12 10:56:00 INFO     Data was inserted!
2018-07-12 10:56:00 INFO      INSERT INTO metrics(Dates, total_time, label_description)
						VALUES(2018-07-12, 15, Admin Time)
2018-07-12 10:56:02 INFO     Data was written to csv!
2018-07-13 11:40:40 INFO     Data was inserted!
2018-07-13 11:40:40 INFO      INSERT INTO metrics(Dates, total_time, label_description)
						VALUES(2018-07-12, 60, Admin Time)
2018-07-13 11:40:41 INFO     Data was written to csv!
2018-07-13 11:40:53 INFO     Data was inserted!
2018-07-13 11:40:53 INFO      INSERT INTO metrics(Dates, total_time, label_description)
						VALUES(2018-07-13, 45, Admin Time)
2018-07-13 11:41:49 INFO     Data was inserted!
2018-07-13 11:41:49 INFO      INSERT INTO metrics(Dates, total_time, label_description)
						VALUES(2018-07-12, 60, Admin Time - Collaborate w/ Community team)
2018-07-13 11:42:18 INFO     Data was inserted!
2018-07-13 11:42:18 INFO      INSERT INTO metrics(Dates, total_time, label_description)
						VALUES(2018-07-13, 30, CS Stand Up)
2018-07-13 11:42:40 INFO     Data was inserted!
2018-07-13 11:42:40 INFO      INSERT INTO metrics(Dates, total_time, label_description)
						VALUES(2018-07-13, 60, Admin Time - Colloborate w/ Insights team)
2018-07-13 11:43:03 INFO     Data was written to csv!
2018-07-13 11:43:14 INFO     Data was written to csv!
2018-07-13 11:43:46 INFO     Data was inserted!
2018-07-13 11:43:46 INFO      INSERT INTO metrics(Dates, total_time, label_description)
						VALUES(2018-07-13, 30, Team Time - PP)
2018-07-13 12:06:36 INFO     Data was written to csv!
2018-07-13 12:06:45 INFO     Data was written to csv!
2018-07-13 12:06:45 INFO     Data was backed up!
2018-07-13 12:06:45 INFO     Files were backedup!
2018-07-16 08:01:17 INFO     Data was written to csv!
2018-07-16 08:01:37 INFO     Data was written to csv!
2018-07-16 08:01:37 INFO     Data was backed up!
2018-07-16 08:01:37 INFO     Files were backedup!
2018-07-16 08:01:47 INFO     Table was dropped!
2018-07-16 08:01:47 INFO     Table was created!
2018-07-16 08:01:47 INFO     Data was inserted!
2018-07-16 08:01:47 INFO      INSERT INTO metrics(Dates, total_time, label_description)
						VALUES(None, None, None)
2018-07-16 08:01:54 INFO     Data was removed!
2018-07-16 08:01:54 INFO      DELETE from metrics WHERE id = 1
2018-07-16 08:02:17 INFO     Data was inserted!
2018-07-16 08:02:17 INFO      INSERT INTO metrics(Dates, total_time, label_description)
						VALUES(2018-07-16, 15, Admin Time - Coffee)
2018-07-16 08:02:18 INFO     Data was written to csv!
2018-07-16 11:29:03 INFO     Data was inserted!
2018-07-16 11:29:03 INFO      INSERT INTO metrics(Dates, total_time, label_description)
						VALUES(2018-07-16, 15, Team Time - PP)
2018-07-16 11:29:21 INFO     Data was inserted!
2018-07-16 11:29:21 INFO      INSERT INTO metrics(Dates, total_time, label_description)
						VALUES(2018-07-16, 30, Admin Time)
2018-07-16 11:29:23 INFO     Data was written to csv!
2018-07-16 11:29:27 INFO     Data was written to csv!
2018-07-16 11:29:28 INFO     Data was backed up!
2018-07-16 11:29:28 INFO     Files were backedup!
2018-07-16 16:21:07 INFO     Data was inserted!
2018-07-16 16:21:07 INFO      INSERT INTO metrics(Dates, total_time, label_description)
						VALUES(2018-07-16, 15, Admin Time - PP)
2018-07-16 16:21:09 INFO     Data was inserted!
2018-07-16 16:21:09 INFO      INSERT INTO metrics(Dates, total_time, label_description)
						VALUES(2018-07-16, 15, Admin Time - PP)
2018-07-16 16:21:15 INFO     Data was inserted!
2018-07-16 16:21:15 INFO      INSERT INTO metrics(Dates, total_time, label_description)
						VALUES(2018-07-16, 60, Admin Time)
2018-07-16 16:21:19 INFO     Data was written to csv!
2018-07-16 16:23:17 INFO     Data was inserted!
2018-07-16 16:23:17 INFO      INSERT INTO metrics(Dates, total_time, label_description)
						VALUES(2018-07-16, 420, Queue Manager)
2018-07-16 16:23:18 INFO     Data was written to csv!
2018-07-16 16:23:41 INFO     Data was inserted!
2018-07-16 16:23:41 INFO      INSERT INTO metrics(Dates, total_time, label_description)
						VALUES(2018-07-16, 15, Admin Time -ADP)
2018-07-16 16:23:43 INFO     Data was written to csv!
2018-07-17 07:39:31 INFO     Data was inserted!
2018-07-17 07:39:31 INFO      INSERT INTO metrics(Dates, total_time, label_description)
						VALUES(2018-07-17, 15, Admin Time)
2018-07-17 07:39:33 INFO     Data was written to csv!
2018-07-18 07:29:06 INFO     Data was written to csv!
2018-07-18 07:29:16 INFO     Data was written to csv!
2018-07-18 07:29:30 INFO     Data was inserted!
2018-07-18 07:29:30 INFO      INSERT INTO metrics(Dates, total_time, label_description)
						VALUES(2018-07-17, 60, Admin Time)
2018-07-18 07:29:32 INFO     Data was written to csv!
2018-07-18 07:29:44 INFO     Data was inserted!
2018-07-18 07:29:44 INFO      INSERT INTO metrics(Dates, total_time, label_description)
						VALUES(2018-07-17, 30, Admin Time - PP)
2018-07-18 07:29:45 INFO     Data was written to csv!
2018-07-18 07:30:16 INFO     Data was inserted!
2018-07-18 07:30:16 INFO      INSERT INTO metrics(Dates, total_time, label_description)
						VALUES(2018-07-17, 60, Team Meeting)
2018-07-18 07:30:17 INFO     Data was written to csv!
2018-07-18 07:30:37 INFO     Data was inserted!
2018-07-18 07:30:37 INFO      INSERT INTO metrics(Dates, total_time, label_description)
						VALUES(2018-07-18, 30, Admin Time)
2018-07-18 07:30:41 INFO     Data was inserted!
2018-07-18 07:30:41 INFO      INSERT INTO metrics(Dates, total_time, label_description)
						VALUES(2018-07-18, 30, Admin Time)
2018-07-18 07:30:42 INFO     Data was written to csv!
2018-07-18 07:31:00 INFO     Data was removed!
2018-07-18 07:31:00 INFO      DELETE from metrics WHERE id = 2
2018-07-18 07:32:52 INFO     Data was written to csv!
2018-07-18 07:32:55 INFO     Data was written to csv!
2018-07-18 07:32:55 INFO     Data was backed up!
2018-07-18 07:32:55 INFO     Files were backedup!
2018-07-18 08:16:27 INFO     Data was inserted!
2018-07-18 08:16:27 INFO      INSERT INTO metrics(Dates, total_time, label_description)
						VALUES(2018-07-18, 30, Admin Time)
2018-07-18 08:16:28 INFO     Data was written to csv!
2018-07-18 09:01:37 INFO     Data was inserted!
2018-07-18 09:01:37 INFO      INSERT INTO metrics(Dates, total_time, label_description)
						VALUES(2018-07-18, 15, Admin Time - PP)
2018-07-18 09:02:19 INFO     Data was removed!
2018-07-18 09:02:19 INFO      DELETE from metrics WHERE id = 8
2018-07-18 09:03:05 INFO     Data was inserted!
2018-07-18 09:03:05 INFO      INSERT INTO metrics(Dates, total_time, label_description)
						VALUES(2018-07-16, 15, Admin Time - ADP)
2018-07-18 09:03:10 INFO     Data was written to csv!
2018-07-18 09:04:55 INFO     Data was written to csv!
2018-07-18 09:23:22 INFO     Data was inserted!
2018-07-18 09:23:22 INFO      INSERT INTO metrics(Dates, total_time, label_description)
						VALUES(2018-07-18, 30, CS Stand Up)
2018-07-18 09:23:23 INFO     Data was written to csv!
2018-07-18 16:09:20 INFO     Data was inserted!
2018-07-18 16:09:20 INFO      INSERT INTO metrics(Dates, total_time, label_description)
						VALUES(2018-07-18, 120, Admin Time - Hoss)
2018-07-18 16:09:20 INFO     Data was written to csv!
2018-07-19 07:46:46 INFO     Data was inserted!
2018-07-19 07:46:46 INFO      INSERT INTO metrics(Dates, total_time, label_description)
						VALUES(2018-07-18, 30, Admin Time - Hoss)
2018-07-19 07:46:48 INFO     Data was written to csv!
2018-07-19 07:46:56 INFO     Data was inserted!
2018-07-19 07:46:56 INFO      INSERT INTO metrics(Dates, total_time, label_description)
						VALUES(2018-07-19, 45, Admin Time - Hoss)
2018-07-19 07:46:58 INFO     Data was written to csv!
2018-07-19 10:42:11 INFO     Data was removed!
2018-07-19 10:42:11 INFO      DELETE from metrics WHERE id = 20
2018-07-19 10:42:15 INFO     Data was removed!
2018-07-19 10:42:15 INFO      DELETE from metrics WHERE id = 21
2018-07-19 10:42:23 INFO     Data was written to csv!
2018-07-19 10:42:33 INFO     Data was inserted!
2018-07-19 10:42:33 INFO      INSERT INTO metrics(Dates, total_time, label_description)
						VALUES(2018-07-18, 30, Admin Time)
2018-07-19 10:42:42 INFO     Data was inserted!
2018-07-19 10:42:42 INFO      INSERT INTO metrics(Dates, total_time, label_description)
						VALUES(2018-07-19, 45, Admin Time)
2018-07-19 10:42:46 INFO     Data was inserted!
2018-07-19 10:42:46 INFO      INSERT INTO metrics(Dates, total_time, label_description)
						VALUES(2018-07-19, 30, Admin Time)
2018-07-19 10:42:47 INFO     Data was written to csv!
2018-07-19 11:28:20 INFO     Data was inserted!
2018-07-19 11:28:20 INFO      INSERT INTO metrics(Dates, total_time, label_description)
						VALUES(2018-07-19, 15, Admin Time - PP)
2018-07-19 11:59:07 INFO     Data was inserted!
2018-07-19 11:59:07 INFO      INSERT INTO metrics(Dates, total_time, label_description)
						VALUES(2018-07-19, 15, Admin Time - Chat w/ team)
2018-07-19 11:59:12 INFO     Data was written to csv!
2018-07-19 13:50:35 INFO     Data was inserted!
2018-07-19 13:50:35 INFO      INSERT INTO metrics(Dates, total_time, label_description)
						VALUES(2018-07-19, 15, One-on-One w/ Cailin)
2018-07-19 13:51:46 INFO     Data was inserted!
2018-07-19 13:51:46 INFO      INSERT INTO metrics(Dates, total_time, label_description)
						VALUES(2018-07-19, 30, One-on-One w/ Promote team)
2018-07-19 13:51:46 INFO     Data was written to csv!
2018-07-19 14:56:08 INFO     Data was inserted!
2018-07-19 14:56:08 INFO      INSERT INTO metrics(Dates, total_time, label_description)
						VALUES(2018-07-19, 30, Admin Time - PP)
2018-07-19 14:56:09 INFO     Data was written to csv!
2018-07-20 09:52:52 INFO     Data was inserted!
2018-07-20 09:52:52 INFO      INSERT INTO metrics(Dates, total_time, label_description)
						VALUES(2018-07-20, 15, Admin Time - PP)
2018-07-20 09:53:01 INFO     Data was inserted!
2018-07-20 09:53:01 INFO      INSERT INTO metrics(Dates, total_time, label_description)
						VALUES(2018-07-20, 30, Admin Time)
2018-07-20 09:53:18 INFO     Data was inserted!
2018-07-20 09:53:18 INFO      INSERT INTO metrics(Dates, total_time, label_description)
						VALUES(2018-07-20, 15, Admin Time - Assistance with Malware App)
2018-07-20 09:53:28 INFO     Data was written to csv!
2018-07-20 09:53:59 INFO     Data was written to csv!
2018-07-20 10:53:55 INFO     Data was inserted!
2018-07-20 10:53:55 INFO      INSERT INTO metrics(Dates, total_time, label_description)
						VALUES(2018-07-20, 15, Admin Time)
2018-07-20 11:48:15 INFO     Data was inserted!
2018-07-20 11:48:15 INFO      INSERT INTO metrics(Dates, total_time, label_description)
						VALUES(2018-07-20, 15, Admin Time - PP)
2018-07-20 11:48:15 INFO     Data was written to csv!
2018-07-20 11:56:05 INFO     Data was inserted!
2018-07-20 11:56:05 INFO      INSERT INTO metrics(Dates, total_time, label_description)
						VALUES(2018-07-20, 15, Admin Time - Talk to Thomas)
2018-07-20 11:56:48 INFO     Data was written to csv!
2018-07-20 14:04:33 INFO     Data was inserted!
2018-07-20 14:04:33 INFO      INSERT INTO metrics(Dates, total_time, label_description)
						VALUES(2018-07-20, 15, Admin Time - One on One w/ Lisa)
2018-07-20 14:04:35 INFO     Data was written to csv!
2018-07-20 14:54:57 INFO     Data was inserted!
2018-07-20 14:54:57 INFO      INSERT INTO metrics(Dates, total_time, label_description)
						VALUES(2018-07-20, 15, Admin Time - PP)
2018-07-20 14:54:58 INFO     Data was written to csv!
2018-07-20 17:05:42 INFO     Data was written to csv!
2018-07-20 17:05:42 INFO     Data was backed up!
2018-07-20 17:05:42 INFO     Files were backedup!
2018-07-23 08:41:17 INFO     Table was dropped!
2018-07-23 08:41:17 INFO     Table was created!
2018-07-23 08:41:17 INFO     Data was inserted!
2018-07-23 08:41:17 INFO      INSERT INTO metrics(Dates, total_time, label_description)
						VALUES(None, None, None)
2018-07-23 08:41:26 INFO     Data was removed!
2018-07-23 08:41:26 INFO      DELETE from metrics WHERE id = 1
2018-07-23 08:41:55 INFO     Data was inserted!
2018-07-23 08:41:55 INFO      INSERT INTO metrics(Dates, total_time, label_description)
						VALUES(2018-07-23, 75, Admin Time - Working on entering Time)
2018-07-23 08:41:57 INFO     Data was written to csv!
2018-07-23 09:25:25 INFO     Data was inserted!
2018-07-23 09:25:25 INFO      INSERT INTO metrics(Dates, total_time, label_description)
						VALUES(2018-07-23, 15, Admin Time - PP)
2018-07-23 11:14:24 INFO     Data was inserted!
2018-07-23 11:14:24 INFO      INSERT INTO metrics(Dates, total_time, label_description)
						VALUES(2018-07-23, 15, Admin Time)
2018-07-23 11:14:25 INFO     Data was written to csv!
2018-07-23 13:16:48 INFO     Data was inserted!
2018-07-23 13:16:48 INFO      INSERT INTO metrics(Dates, total_time, label_description)
						VALUES(2018-07-23, 30, Admin Time - PP)
2018-07-23 13:16:54 INFO     Data was inserted!
2018-07-23 13:16:54 INFO      INSERT INTO metrics(Dates, total_time, label_description)
						VALUES(2018-07-23, 15, Admin Time)
2018-07-23 13:39:01 INFO     Data was inserted!
2018-07-23 13:39:01 INFO      INSERT INTO metrics(Dates, total_time, label_description)
						VALUES(2018-07-23, 15, Admin Time - PP)
2018-07-23 13:39:03 INFO     Data was written to csv!
2018-07-24 07:46:34 INFO     Data was inserted!
2018-07-24 07:46:34 INFO      INSERT INTO metrics(Dates, total_time, label_description)
						VALUES(2018-07-23, 15, Admin Time - Coffee)
2018-07-24 07:46:39 INFO     Data was inserted!
2018-07-24 07:46:39 INFO      INSERT INTO metrics(Dates, total_time, label_description)
						VALUES(2018-07-24, 15, Admin Time - Coffee)
2018-07-24 07:46:41 INFO     Data was written to csv!
2018-07-24 08:32:20 INFO     Data was inserted!
2018-07-24 08:32:20 INFO      INSERT INTO metrics(Dates, total_time, label_description)
						VALUES(2018-07-24, 15, Admin Time)
2018-07-24 08:32:22 INFO     Data was written to csv!
2018-07-24 14:14:20 INFO     Data was inserted!
2018-07-24 14:14:20 INFO      INSERT INTO metrics(Dates, total_time, label_description)
						VALUES(2018-07-24, 30, Team Time)
2018-07-24 14:14:21 INFO     Data was written to csv!
2018-07-24 14:16:13 INFO     Data was inserted!
2018-07-24 14:16:13 INFO      INSERT INTO metrics(Dates, total_time, label_description)
						VALUES(2018-07-24, 30, Team Time)
2018-07-24 14:16:14 INFO     Data was written to csv!
2018-07-24 15:16:27 INFO     Data was inserted!
2018-07-24 15:16:27 INFO      INSERT INTO metrics(Dates, total_time, label_description)
						VALUES(2018-07-24, 15, Admin Time - PP)
2018-07-24 15:16:27 INFO     Data was written to csv!
2018-07-24 15:18:52 INFO     Data was inserted!
2018-07-24 15:18:52 INFO      INSERT INTO metrics(Dates, total_time, label_description)
						VALUES(2018-07-24, 30, Admin Time - Meet with Promote Team)
2018-07-24 15:19:07 INFO     Data was inserted!
2018-07-24 15:19:07 INFO      INSERT INTO metrics(Dates, total_time, label_description)
						VALUES(2018-07-24, 30,  One on One - Wayne)
2018-07-24 15:19:31 INFO     Data was removed!
2018-07-24 15:19:31 INFO      DELETE from metrics WHERE id = 14
2018-07-24 15:19:35 INFO     Data was inserted!
2018-07-24 15:19:35 INFO      INSERT INTO metrics(Dates, total_time, label_description)
						VALUES(2018-07-24, 120, One on One - Wayne)
2018-07-24 15:19:43 INFO     Data was removed!
2018-07-24 15:19:43 INFO      DELETE from metrics WHERE id = 14
2018-07-24 15:19:55 INFO     Data was inserted!
2018-07-24 15:19:55 INFO      INSERT INTO metrics(Dates, total_time, label_description)
						VALUES(2018-07-24, 30, One on One - Wayne)
2018-07-24 15:20:57 INFO     Data was inserted!
2018-07-24 15:20:57 INFO      INSERT INTO metrics(Dates, total_time, label_description)
						VALUES(2018-07-24, 120, Community Time - Bot Focus Testing )
2018-07-24 15:21:23 INFO     Data was written to csv!
2018-07-24 15:22:45 INFO     Data was removed!
2018-07-24 15:22:45 INFO      DELETE from metrics WHERE id = 15
2018-07-24 15:22:49 INFO     Data was inserted!
2018-07-24 15:22:49 INFO      INSERT INTO metrics(Dates, total_time, label_description)
						VALUES(2018-07-24, 120, Community Time - Bot Focus Testing)
2018-07-24 15:22:51 INFO     Data was written to csv!
2018-07-24 16:12:28 INFO     Data was inserted!
2018-07-24 16:12:28 INFO      INSERT INTO metrics(Dates, total_time, label_description)
						VALUES(2018-07-24, 30, Admin Time)
2018-07-25 07:10:03 INFO     Data was inserted!
2018-07-25 07:10:03 INFO      INSERT INTO metrics(Dates, total_time, label_description)
						VALUES(2018-07-25, 30, Admin Time - Coffee)
2018-07-25 07:10:12 INFO     Data was removed!
2018-07-25 07:10:12 INFO      DELETE from metrics WHERE id = 17
2018-07-25 07:10:22 INFO     Data was inserted!
2018-07-25 07:10:22 INFO      INSERT INTO metrics(Dates, total_time, label_description)
						VALUES(2018-07-25, 15, Admin Time - Coffee)
2018-07-25 10:45:45 INFO     Data was inserted!
2018-07-25 10:45:45 INFO      INSERT INTO metrics(Dates, total_time, label_description)
						VALUES(2018-07-25, 30, Admin Time - PP)
2018-07-25 11:23:12 INFO     Data was inserted!
2018-07-25 11:23:12 INFO      INSERT INTO metrics(Dates, total_time, label_description)
						VALUES(2018-07-25, 30, Admin Time - Research)
2018-07-25 11:23:13 INFO     Data was written to csv!
2018-07-25 14:49:57 INFO     Data was inserted!
2018-07-25 14:49:57 INFO      INSERT INTO metrics(Dates, total_time, label_description)
						VALUES(2018-07-25, 30, Admin Time - PP)
2018-07-25 14:49:59 INFO     Data was written to csv!
2018-07-25 14:50:15 INFO     Data was removed!
2018-07-25 14:50:15 INFO      DELETE from metrics WHERE id = 20
2018-07-25 14:50:19 INFO     Data was inserted!
2018-07-25 14:50:19 INFO      INSERT INTO metrics(Dates, total_time, label_description)
						VALUES(2018-07-25, 30, Admin Time)
2018-07-26 07:33:16 INFO     Data was inserted!
2018-07-26 07:33:16 INFO      INSERT INTO metrics(Dates, total_time, label_description)
						VALUES(2018-07-26, 30, Admin Time - Coffee)
2018-07-26 15:23:06 INFO     Data was inserted!
2018-07-26 15:23:06 INFO      INSERT INTO metrics(Dates, total_time, label_description)
						VALUES(2018-07-26, 30, Admin Time - Massage!)
2018-07-26 15:23:24 INFO     Data was inserted!
2018-07-26 15:23:24 INFO      INSERT INTO metrics(Dates, total_time, label_description)
						VALUES(2018-07-26, 60, CS Weekly Call)
2018-07-27 07:32:37 INFO     Data was inserted!
2018-07-27 07:32:37 INFO      INSERT INTO metrics(Dates, total_time, label_description)
						VALUES(2018-07-27, 30, CS Weekly Call)
2018-07-27 07:32:51 INFO     Data was removed!
2018-07-27 07:32:51 INFO      DELETE from metrics WHERE id = 24
2018-07-27 07:33:02 INFO     Data was inserted!
2018-07-27 07:33:02 INFO      INSERT INTO metrics(Dates, total_time, label_description)
						VALUES(2018-07-27, 30, Admin Time - Research)
2018-07-27 07:33:03 INFO     Data was written to csv!
2018-07-27 07:34:51 INFO     Data was inserted!
2018-07-27 07:34:51 INFO      INSERT INTO metrics(Dates, total_time, label_description)
						VALUES(2018-07-26, 420, Queue Manager)
2018-07-27 07:34:52 INFO     Data was written to csv!
2018-07-27 09:47:11 INFO     Data was inserted!
2018-07-27 09:47:11 INFO      INSERT INTO metrics(Dates, total_time, label_description)
						VALUES(2018-07-26, 30, CS Stand Up)
2018-07-27 09:47:21 INFO     Data was removed!
2018-07-27 09:47:21 INFO      DELETE from metrics WHERE id = 26
2018-07-27 09:47:30 INFO     Data was inserted!
2018-07-27 09:47:30 INFO      INSERT INTO metrics(Dates, total_time, label_description)
						VALUES(2018-07-27, 30, CS Stand Up)
2018-07-27 11:02:03 INFO     Data was inserted!
2018-07-27 11:02:03 INFO      INSERT INTO metrics(Dates, total_time, label_description)
						VALUES(2018-07-27, 90, Admin Time - Research)
2018-07-27 11:22:02 INFO     Data was inserted!
2018-07-27 11:22:02 INFO      INSERT INTO metrics(Dates, total_time, label_description)
						VALUES(2018-07-27, 30, Admin Time - Research)
2018-07-27 11:22:04 INFO     Data was written to csv!
2018-07-30 07:48:43 INFO     Data was inserted!
2018-07-30 07:48:43 INFO      INSERT INTO metrics(Dates, total_time, label_description)
						VALUES(2018-07-27, 30, Admin Time - Research)
2018-07-30 07:48:50 INFO     Data was removed!
2018-07-30 07:48:50 INFO      DELETE from metrics WHERE id = 29
2018-07-30 07:49:11 INFO     Data was inserted!
2018-07-30 07:49:11 INFO      INSERT INTO metrics(Dates, total_time, label_description)
						VALUES(2018-07-28, 120, Admin Time - Promote)
2018-07-30 07:49:13 INFO     Data was written to csv!
2018-07-30 07:49:28 INFO     Data was written to csv!
2018-07-30 07:49:42 INFO     Data was written to csv!
2018-07-30 07:50:15 INFO     Data was written to csv!
2018-07-30 07:50:15 INFO     Data was backed up!
2018-07-30 07:50:15 INFO     Files were backedup!
2018-07-30 07:51:29 INFO     Table was dropped!
2018-07-30 07:51:29 INFO     Table was created!
2018-07-30 07:51:29 INFO     Data was inserted!
2018-07-30 07:51:29 INFO      INSERT INTO metrics(Dates, total_time, label_description)
						VALUES(None, None, None)
2018-07-30 07:51:32 INFO     Data was removed!
2018-07-30 07:51:32 INFO      DELETE from metrics WHERE id = 1
2018-07-30 07:51:45 INFO     Data was inserted!
2018-07-30 07:51:45 INFO      INSERT INTO metrics(Dates, total_time, label_description)
						VALUES(2018-07-30, 60, Admin Time)
2018-07-30 15:47:53 INFO     Data was inserted!
2018-07-30 15:47:53 INFO      INSERT INTO metrics(Dates, total_time, label_description)
						VALUES(2018-07-30, 120, Community Time - Assit with Bot)
2018-07-30 15:47:53 INFO     Data was written to csv!
2018-07-30 15:48:08 INFO     Data was inserted!
2018-07-30 15:48:08 INFO      INSERT INTO metrics(Dates, total_time, label_description)
						VALUES(2018-07-30, 120, Community Time - Assist with Bot)
2018-07-30 15:48:16 INFO     Data was written to csv!
2018-07-30 15:48:30 INFO     Data was removed!
2018-07-30 15:48:30 INFO      DELETE from metrics WHERE id = 2
2018-07-30 15:48:32 INFO     Data was removed!
2018-07-30 15:48:32 INFO      DELETE from metrics WHERE id = 3
2018-07-30 15:48:36 INFO     Data was inserted!
2018-07-30 15:48:36 INFO      INSERT INTO metrics(Dates, total_time, label_description)
						VALUES(2018-07-30, 120, Community Time - Assist with Bot)
2018-07-30 15:48:37 INFO     Data was written to csv!
2018-07-31 07:26:51 INFO     Data was inserted!
2018-07-31 07:26:51 INFO      INSERT INTO metrics(Dates, total_time, label_description)
						VALUES(2018-07-31, 30, Admin Time - Coffee)
2018-07-31 07:26:51 INFO     Data was written to csv!
2018-07-31 07:46:15 INFO     Data was inserted!
2018-07-31 07:46:15 INFO      INSERT INTO metrics(Dates, total_time, label_description)
						VALUES(2018-07-31, 15, Admin Time)
2018-07-31 07:46:15 INFO     Data was written to csv!
2018-07-31 09:40:54 INFO     Data was inserted!
2018-07-31 09:40:54 INFO      INSERT INTO metrics(Dates, total_time, label_description)
						VALUES(2018-07-31, 30, CSU - Summer Tech Camp)
2018-07-31 09:40:56 INFO     Data was written to csv!
2018-07-31 13:32:07 INFO     Data was inserted!
2018-07-31 13:32:07 INFO      INSERT INTO metrics(Dates, total_time, label_description)
						VALUES(2018-07-31, 15, Team Time - Chat w/ Pete)
2018-07-31 13:32:13 INFO     Data was inserted!
2018-07-31 13:32:13 INFO      INSERT INTO metrics(Dates, total_time, label_description)
						VALUES(2018-07-31, 15, Team Time - Chat w/ Cailin)
2018-07-31 13:32:24 INFO     Data was inserted!
2018-07-31 13:32:24 INFO      INSERT INTO metrics(Dates, total_time, label_description)
						VALUES(2018-07-31, 30, Admin Time - PP)
2018-07-31 15:27:17 INFO     Data was inserted!
2018-07-31 15:27:17 INFO      INSERT INTO metrics(Dates, total_time, label_description)
						VALUES(2018-07-31, 15, Admin Time - PP)
2018-07-31 15:27:18 INFO     Data was written to csv!
2018-07-31 16:17:13 INFO     Data was inserted!
2018-07-31 16:17:13 INFO      INSERT INTO metrics(Dates, total_time, label_description)
						VALUES(2018-07-31, 30, Admin Time - 1 on 1 w/ Cara Immel)
2018-08-01 07:39:08 INFO     Data was inserted!
2018-08-01 07:39:08 INFO      INSERT INTO metrics(Dates, total_time, label_description)
						VALUES(2018-08-01, 30, Admin Time - Coffee)
2018-08-01 09:16:29 INFO     Data was inserted!
2018-08-01 09:16:29 INFO      INSERT INTO metrics(Dates, total_time, label_description)
						VALUES(2018-08-01, 60, Team Time - Social)
2018-08-01 09:16:54 INFO     Data was inserted!
2018-08-01 09:16:54 INFO      INSERT INTO metrics(Dates, total_time, label_description)
						VALUES(2018-08-01, 15, Admin Time - PP)
2018-08-01 09:17:21 INFO     Data was inserted!
2018-08-01 09:17:21 INFO      INSERT INTO metrics(Dates, total_time, label_description)
						VALUES(2018-08-01, 15, CS Stand Up)
2018-08-01 09:17:22 INFO     Data was written to csv!
2018-08-01 10:15:48 INFO     Data was inserted!
2018-08-01 10:15:48 INFO      INSERT INTO metrics(Dates, total_time, label_description)
						VALUES(2018-08-01, 60, Customer Success Tech Exchange)
2018-08-01 10:16:11 INFO     Data was written to csv!
2018-08-01 10:28:35 INFO     Data was inserted!
2018-08-01 10:28:35 INFO      INSERT INTO metrics(Dates, total_time, label_description)
						VALUES(2018-08-01, 60, Admin Time - Research)
2018-08-01 10:28:48 INFO     Data was written to csv!
2018-08-01 10:29:02 INFO     Data was removed!
2018-08-01 10:29:02 INFO      DELETE from metrics WHERE id = 16
2018-08-01 10:29:07 INFO     Data was inserted!
2018-08-01 10:29:07 INFO      INSERT INTO metrics(Dates, total_time, label_description)
						VALUES(2018-08-01, 30, Admin Time - Research)
2018-08-02 07:39:43 INFO     Data was inserted!
2018-08-02 07:39:43 INFO      INSERT INTO metrics(Dates, total_time, label_description)
						VALUES(2018-08-01, 15, Admin Time - Coffee)
2018-08-02 07:39:53 INFO     Data was removed!
2018-08-02 07:39:53 INFO      DELETE from metrics WHERE id = 17
2018-08-02 07:39:59 INFO     Data was inserted!
2018-08-02 07:39:59 INFO      INSERT INTO metrics(Dates, total_time, label_description)
						VALUES(2018-08-02, 15, Admin Time - Coffee)
2018-08-02 09:02:26 INFO     Data was inserted!
2018-08-02 09:02:26 INFO      INSERT INTO metrics(Dates, total_time, label_description)
						VALUES(2018-08-02, 30, Admin Time - Research)
2018-08-02 10:03:53 INFO     Data was inserted!
2018-08-02 10:03:53 INFO      INSERT INTO metrics(Dates, total_time, label_description)
						VALUES(2018-08-02, 60, CS Weekly Call)
2018-08-02 10:03:55 INFO     Data was written to csv!
2018-08-02 13:33:01 INFO     Data was inserted!
2018-08-02 13:33:01 INFO      INSERT INTO metrics(Dates, total_time, label_description)
						VALUES(2018-08-02, 30, Admin Time - Research)
2018-08-02 13:33:02 INFO     Data was written to csv!
2018-08-03 07:56:42 INFO     Data was inserted!
2018-08-03 07:56:42 INFO      INSERT INTO metrics(Dates, total_time, label_description)
						VALUES(2018-08-03, 30, Admin Time - Coffee)
2018-08-03 07:56:45 INFO     Data was written to csv!
2018-08-03 09:13:08 INFO     Data was inserted!
2018-08-03 09:13:08 INFO      INSERT INTO metrics(Dates, total_time, label_description)
						VALUES(2018-08-03, 15, CS Weekly Call)
2018-08-03 10:46:47 INFO     Data was inserted!
2018-08-03 10:46:47 INFO      INSERT INTO metrics(Dates, total_time, label_description)
						VALUES(2018-08-03, 30, Admin Time - PP)
2018-08-03 11:46:19 INFO     Data was inserted!
2018-08-03 11:46:19 INFO      INSERT INTO metrics(Dates, total_time, label_description)
						VALUES(2018-08-03, 15, Team Time - Showed Jake how to use Gravity App)
2018-08-03 11:46:21 INFO     Data was written to csv!
2018-08-03 15:25:23 INFO     Data was inserted!
2018-08-03 15:25:23 INFO      INSERT INTO metrics(Dates, total_time, label_description)
						VALUES(2018-08-03, 30, Team Time - PP)
2018-08-03 15:25:24 INFO     Data was written to csv!
2018-08-06 11:54:21 INFO     Data was inserted!
2018-08-06 11:54:21 INFO      INSERT INTO metrics(Dates, total_time, label_description)
						VALUES(2018-08-03, 60, Admin Time)
2018-08-06 11:54:24 INFO     Data was written to csv!
2018-08-06 11:54:35 INFO     Data was written to csv!
2018-08-06 11:54:35 INFO     Data was backed up!
2018-08-06 11:54:35 INFO     Files were backedup!
2018-08-06 11:54:45 INFO     Table was dropped!
2018-08-06 11:54:45 INFO     Table was created!
2018-08-06 11:54:45 INFO     Data was inserted!
2018-08-06 11:54:45 INFO      INSERT INTO metrics(Dates, total_time, label_description)
						VALUES(None, None, None)
2018-08-06 11:54:48 INFO     Data was removed!
2018-08-06 11:54:48 INFO      DELETE from metrics WHERE id = 1
2018-08-06 11:55:02 INFO     Data was inserted!
2018-08-06 11:55:02 INFO      INSERT INTO metrics(Dates, total_time, label_description)
						VALUES(2018-08-06, 30, Admin Time - PP)
2018-08-06 11:55:03 INFO     Data was written to csv!
2018-08-06 11:58:13 INFO     Data was inserted!
2018-08-06 11:58:13 INFO      INSERT INTO metrics(Dates, total_time, label_description)
						VALUES(2018-08-06, 30, Admin Time - Research)
2018-08-06 11:58:13 INFO     Data was written to csv!
